<?xml version="1.0" encoding="UTF-8"?>
<testng-results ignored="0" total="1" passed="1" failed="0" skipped="0">
  <reporter-output>
  </reporter-output>
  <suite started-at="2024-07-25T11:31:35 EET" name="Default suite" finished-at="2024-07-25T11:31:42 EET" duration-ms="7212">
    <groups>
    </groups>
    <test started-at="2024-07-25T11:31:35 EET" name="Default test" finished-at="2024-07-25T11:31:42 EET" duration-ms="7212">
      <class name="TestCases">
        <test-method is-config="true" signature="MySetup()[pri:0, instance:TestCases@5aac4250]" started-at="2024-07-25T11:31:35 EET" name="MySetup" finished-at="2024-07-25T11:31:37 EET" duration-ms="2314" status="PASS">
          <reporter-output>
          </reporter-output>
        </test-method> <!-- MySetup -->
        <test-method signature="chalets()[pri:0, instance:TestCases@5aac4250]" started-at="2024-07-25T11:31:37 EET" name="chalets" finished-at="2024-07-25T11:31:42 EET" duration-ms="4876" status="PASS">
          <reporter-output>
          </reporter-output>
        </test-method> <!-- chalets -->
      </class> <!-- TestCases -->
    </test> <!-- Default test -->
  </suite> <!-- Default suite -->
</testng-results>
